c:\users\zosit\desktop\sinor\latest\complex-3d-vector-fields\debug\vector3d.obj
c:\users\zosit\desktop\sinor\latest\complex-3d-vector-fields\debug\sweeneytest.obj
c:\users\zosit\desktop\sinor\latest\complex-3d-vector-fields\debug\framework.obj
c:\users\zosit\desktop\sinor\latest\complex-3d-vector-fields\debug\color.obj
c:\users\zosit\desktop\sinor\latest\complex-3d-vector-fields\debug\heatmapcenters.obj
c:\users\zosit\desktop\sinor\latest\complex-3d-vector-fields\debug\vc110.pdb
c:\users\zosit\desktop\sinor\latest\complex-3d-vector-fields\debug\vc140.pdb
c:\users\zosit\desktop\sinor\latest\complex-3d-vector-fields\debug\vc140.idb
c:\users\zosit\desktop\sinor\latest\complex-3d-vector-fields\debug\cl.command.1.tlog
c:\users\zosit\desktop\sinor\latest\complex-3d-vector-fields\debug\cl.read.1.tlog
c:\users\zosit\desktop\sinor\latest\complex-3d-vector-fields\debug\cl.write.1.tlog
c:\users\zosit\desktop\sinor\latest\complex-3d-vector-fields\debug\link-cvtres.read.1.tlog
c:\users\zosit\desktop\sinor\latest\complex-3d-vector-fields\debug\link-cvtres.write.1.tlog
c:\users\zosit\desktop\sinor\latest\complex-3d-vector-fields\debug\link-rc.read.1.tlog
c:\users\zosit\desktop\sinor\latest\complex-3d-vector-fields\debug\link-rc.write.1.tlog
c:\users\zosit\desktop\sinor\latest\complex-3d-vector-fields\debug\link.command.1.tlog
c:\users\zosit\desktop\sinor\latest\complex-3d-vector-fields\debug\link.read.1.tlog
c:\users\zosit\desktop\sinor\latest\complex-3d-vector-fields\debug\link.write.1.tlog
c:\users\zosit\desktop\sinor\latest\complex-3d-vector-fields\debug\vc110.idb
c:\users\zosit\desktop\sinor\latest\complex-3d-vector-fields\debug\sample.pdb
c:\users\zosit\desktop\sinor\latest\complex-3d-vector-fields\debug\sample.tlog\cl.command.1.tlog
c:\users\zosit\desktop\sinor\latest\complex-3d-vector-fields\debug\sample.tlog\cl.read.1.tlog
c:\users\zosit\desktop\sinor\latest\complex-3d-vector-fields\debug\sample.tlog\cl.write.1.tlog
c:\users\zosit\desktop\sinor\latest\complex-3d-vector-fields\debug\sample.tlog\link-cvtres.read.1.tlog
c:\users\zosit\desktop\sinor\latest\complex-3d-vector-fields\debug\sample.tlog\link-cvtres.write.1.tlog
c:\users\zosit\desktop\sinor\latest\complex-3d-vector-fields\debug\sample.tlog\link-rc.read.1.tlog
c:\users\zosit\desktop\sinor\latest\complex-3d-vector-fields\debug\sample.tlog\link-rc.write.1.tlog
c:\users\zosit\desktop\sinor\latest\complex-3d-vector-fields\debug\sample.tlog\link.command.1.tlog
c:\users\zosit\desktop\sinor\latest\complex-3d-vector-fields\debug\sample.tlog\link.read.1.tlog
c:\users\zosit\desktop\sinor\latest\complex-3d-vector-fields\debug\sample.tlog\link.write.1.tlog
